<?xml version="1.0" encoding="UTF-8"?>
<testng-results skipped="0" failed="0" ignored="0" total="1" passed="1">
  <reporter-output>
  </reporter-output>
  <suite name="Suite1" duration-ms="36375" started-at="2018-08-10T09:46:10Z" finished-at="2018-08-10T09:46:46Z">
    <groups>
    </groups>
    <test name="Functional - Login Test" duration-ms="36375" started-at="2018-08-10T09:46:10Z" finished-at="2018-08-10T09:46:46Z">
      <class name="com.tests.Test_Class">
        <test-method status="PASS" signature="beforeEveryTest()[pri:0, instance:com.tests.Test_Class@6f7fd0e6]" name="beforeEveryTest" is-config="true" duration-ms="27475" started-at="2018-08-10T15:16:10Z" finished-at="2018-08-10T15:16:37Z">
          <reporter-output>
          </reporter-output>
        </test-method> <!-- beforeEveryTest -->
        <test-method status="PASS" signature="validateErroMessageOnInvalidLogin()[pri:1, instance:com.tests.Test_Class@6f7fd0e6]" name="validateErroMessageOnInvalidLogin" duration-ms="6710" started-at="2018-08-10T15:16:37Z" finished-at="2018-08-10T15:16:44Z">
          <reporter-output>
          </reporter-output>
        </test-method> <!-- validateErroMessageOnInvalidLogin -->
        <test-method status="PASS" signature="closeBrowsers()[pri:0, instance:com.tests.Test_Class@6f7fd0e6]" name="closeBrowsers" is-config="true" duration-ms="2145" started-at="2018-08-10T15:16:44Z" finished-at="2018-08-10T15:16:46Z">
          <reporter-output>
          </reporter-output>
        </test-method> <!-- closeBrowsers -->
      </class> <!-- com.tests.Test_Class -->
    </test> <!-- Functional - Login Test -->
  </suite> <!-- Suite1 -->
</testng-results>
